2015-01-27 19:50:17.407 MubaApp[24482:3130784] DiskCookieStorage changing policy from 2 to 0, cookie file: file:///Users/giorgioscappaticcio/Library/Developer/CoreSimulator/Devices/CCDC3E1F-BFB7-4ED5-BDB0-425A986B6AFA/data/Containers/Data/Application/7A895500-677A-4F2A-B457-966D3C2277EC/Library/Cookies/Cookies.binarycookies
2015-01-27 19:50:17.703 MubaApp[24482:3130784] Apache Cordova native platform version 3.7.0 is starting.
2015-01-27 19:50:17.703 MubaApp[24482:3130784] Multi-tasking -> Device: YES, App: YES
2015-01-27 19:50:17.705 MubaApp[24482:3130784] Unlimited access to network resources
2015-01-27 19:50:17.708 MubaApp[24482:3130784] 

Started backup to iCloud! Please be careful.
Your application might be rejected by Apple if you store too much data.
For more information please read "iOS Data Storage Guidelines" at:
https://developer.apple.com/icloud/documentation/data-storage/
To disable web storage backup to iCloud, set the BackupWebStorage preference to "local" in the Cordova config.xml file

2015-01-27 19:50:18.464 MubaApp[24482:3130784] Resetting plugins due to page load.
2015-01-27 19:50:18.776 MubaApp[24482:3130784] Finished load of: file:///Users/giorgioscappaticcio/Library/Developer/CoreSimulator/Devices/CCDC3E1F-BFB7-4ED5-BDB0-425A986B6AFA/data/Containers/Bundle/Application/435066A9-1887-4CC1-B31E-597236460F0A/MubaApp.app/www/index.html#/
2015-01-27 19:50:50.121 MubaApp[24482:3131032] Terminating since there is no system app.
2015-01-28 01:18:36.442 MubaApp[25885:3208006] DiskCookieStorage changing policy from 2 to 0, cookie file: file:///Users/giorgioscappaticcio/Library/Developer/CoreSimulator/Devices/CCDC3E1F-BFB7-4ED5-BDB0-425A986B6AFA/data/Containers/Data/Application/DBA44400-0E08-49F7-AE04-A2F4813F35C4/Library/Cookies/Cookies.binarycookies
2015-01-28 01:18:36.580 MubaApp[25885:3208006] Apache Cordova native platform version 3.7.0 is starting.
2015-01-28 01:18:36.581 MubaApp[25885:3208006] Multi-tasking -> Device: YES, App: YES
2015-01-28 01:18:36.592 MubaApp[25885:3208006] Unlimited access to network resources
2015-01-28 01:18:36.595 MubaApp[25885:3208006] 

Started backup to iCloud! Please be careful.
Your application might be rejected by Apple if you store too much data.
For more information please read "iOS Data Storage Guidelines" at:
https://developer.apple.com/icloud/documentation/data-storage/
To disable web storage backup to iCloud, set the BackupWebStorage preference to "local" in the Cordova config.xml file

2015-01-28 01:18:36.840 MubaApp[25885:3208006] Resetting plugins due to page load.
2015-01-28 01:18:37.417 MubaApp[25885:3208006] Finished load of: file:///Users/giorgioscappaticcio/Library/Developer/CoreSimulator/Devices/CCDC3E1F-BFB7-4ED5-BDB0-425A986B6AFA/data/Containers/Bundle/Application/96848277-2DDA-4505-A246-5FF69E637C03/MubaApp.app/www/index.html#/
2015-01-28 01:21:17.117 MubaApp[25993:3209279] DiskCookieStorage changing policy from 2 to 0, cookie file: file:///Users/giorgioscappaticcio/Library/Developer/CoreSimulator/Devices/CCDC3E1F-BFB7-4ED5-BDB0-425A986B6AFA/data/Containers/Data/Application/5B60A358-FA22-437C-B8C1-0FD207E6868B/Library/Cookies/Cookies.binarycookies
2015-01-28 01:21:17.321 MubaApp[25993:3209279] Apache Cordova native platform version 3.7.0 is starting.
2015-01-28 01:21:17.322 MubaApp[25993:3209279] Multi-tasking -> Device: YES, App: YES
2015-01-28 01:21:17.342 MubaApp[25993:3209279] Unlimited access to network resources
2015-01-28 01:21:17.345 MubaApp[25993:3209279] 

Started backup to iCloud! Please be careful.
Your application might be rejected by Apple if you store too much data.
For more information please read "iOS Data Storage Guidelines" at:
https://developer.apple.com/icloud/documentation/data-storage/
To disable web storage backup to iCloud, set the BackupWebStorage preference to "local" in the Cordova config.xml file

2015-01-28 01:21:17.915 MubaApp[25993:3209279] Resetting plugins due to page load.
2015-01-28 01:21:18.471 MubaApp[25993:3209279] Finished load of: file:///Users/giorgioscappaticcio/Library/Developer/CoreSimulator/Devices/CCDC3E1F-BFB7-4ED5-BDB0-425A986B6AFA/data/Containers/Bundle/Application/7A47097C-773E-43A5-A814-DA7A89AC8715/MubaApp.app/www/index.html#/
